# JRE version: OpenJDK Runtime Environment Temurin-17.0.10+7 (17.0.10+7) (build 17.0.10+7)
# Java VM: OpenJDK 64-Bit Server VM Temurin-17.0.10+7 (17.0.10+7, mixed mode, tiered, compressed oops, compressed class ptrs, g1 gc, windows-amd64)
GC Precious Log:
 CPUs: 8 total, 8 available
 Memory: 16242M
 Large Page Support: Disabled
 NUMA Support: Disabled
 Compressed Oops: Enabled (Zero based)
 Heap Region Size: 2M
 Heap Min Capacity: 8M
 Heap Initial Capacity: 254M
 Heap Max Capacity: 4062M
 Pre-touch: Disabled
 Parallel Workers: 8
 Concurrent Workers: 2
 Concurrent Refinement Workers: 8
 Periodic GC: Disabled
Heap:
 garbage-first heap   total 96256K, used 61297K [0x0000000702200000, 0x0000000800000000)
  region size 2048K, 16 young (32768K), 1 survivors (2048K)
 Metaspace       used 81531K, committed 82176K, reserved 1179648K
  class space    used 10886K, committed 11200K, reserved 1048576K
GC Heap History (20 events):
Event: 12128.048 GC heap before
{Heap before GC invocations=47 (full 0):
 garbage-first heap   total 96256K, used 34659K [0x0000000702200000, 0x0000000800000000)
  region size 2048K, 2 young (4096K), 1 survivors (2048K)
 Metaspace       used 81447K, committed 82048K, reserved 1179648K
  class space    used 10886K, committed 11200K, reserved 1048576K
}
Event: 12128.054 GC heap after
{Heap after GC invocations=48 (full 0):
 garbage-first heap   total 96256K, used 32613K [0x0000000702200000, 0x0000000800000000)
  region size 2048K, 1 young (2048K), 1 survivors (2048K)
 Metaspace       used 81447K, committed 82048K, reserved 1179648K
  class space    used 10886K, committed 11200K, reserved 1048576K
}
Event: 12214.684 GC heap before
{Heap before GC invocations=48 (full 0):
 garbage-first heap   total 96256K, used 34661K [0x0000000702200000, 0x0000000800000000)
  region size 2048K, 2 young (4096K), 1 survivors (2048K)
 Metaspace       used 81447K, committed 82048K, reserved 1179648K
  class space    used 10886K, committed 11200K, reserved 1048576K
}
Event: 12214.688 GC heap after
{Heap after GC invocations=49 (full 0):
 garbage-first heap   total 96256K, used 32611K [0x0000000702200000, 0x0000000800000000)
  region size 2048K, 1 young (2048K), 1 survivors (2048K)
 Metaspace       used 81447K, committed 82048K, reserved 1179648K
  class space    used 10886K, committed 11200K, reserved 1048576K
}
Event: 12300.163 GC heap before
{Heap before GC invocations=49 (full 0):
 garbage-first heap   total 96256K, used 34659K [0x0000000702200000, 0x0000000800000000)
  region size 2048K, 2 young (4096K), 1 survivors (2048K)
 Metaspace       used 81447K, committed 82048K, reserved 1179648K
  class space    used 10886K, committed 11200K, reserved 1048576K
}
Event: 12300.326 GC heap after
{Heap after GC invocations=50 (full 0):
 garbage-first heap   total 96256K, used 32616K [0x0000000702200000, 0x0000000800000000)
  region size 2048K, 1 young (2048K), 1 survivors (2048K)
 Metaspace       used 81447K, committed 82048K, reserved 1179648K
  class space    used 10886K, committed 11200K, reserved 1048576K
}
Event: 12386.754 GC heap before
{Heap before GC invocations=50 (full 0):
 garbage-first heap   total 96256K, used 34664K [0x0000000702200000, 0x0000000800000000)
  region size 2048K, 2 young (4096K), 1 survivors (2048K)
 Metaspace       used 81447K, committed 82048K, reserved 1179648K
  class space    used 10886K, committed 11200K, reserved 1048576K
}
Event: 12386.880 GC heap after
{Heap after GC invocations=51 (full 0):
 garbage-first heap   total 96256K, used 32612K [0x0000000702200000, 0x0000000800000000)
  region size 2048K, 1 young (2048K), 1 survivors (2048K)
 Metaspace       used 81447K, committed 82048K, reserved 1179648K
  class space    used 10886K, committed 11200K, reserved 1048576K
}
Event: 12467.191 GC heap before
{Heap before GC invocations=51 (full 0):
 garbage-first heap   total 96256K, used 34660K [0x0000000702200000, 0x0000000800000000)
  region size 2048K, 2 young (4096K), 1 survivors (2048K)
 Metaspace       used 81453K, committed 82048K, reserved 1179648K
  class space    used 10886K, committed 11200K, reserved 1048576K
}
Event: 12467.313 GC heap after
{Heap after GC invocations=52 (full 0):
 garbage-first heap   total 96256K, used 32631K [0x0000000702200000, 0x0000000800000000)
  region size 2048K, 1 young (2048K), 1 survivors (2048K)
 Metaspace       used 81453K, committed 82048K, reserved 1179648K
  class space    used 10886K, committed 11200K, reserved 1048576K
}
Event: 12552.268 GC heap before
{Heap before GC invocations=52 (full 0):
 garbage-first heap   total 96256K, used 34679K [0x0000000702200000, 0x0000000800000000)
  region size 2048K, 2 young (4096K), 1 survivors (2048K)
 Metaspace       used 81463K, committed 82048K, reserved 1179648K
  class space    used 10886K, committed 11200K, reserved 1048576K
}
Event: 12552.274 GC heap after
{Heap after GC invocations=53 (full 0):
 garbage-first heap   total 96256K, used 32627K [0x0000000702200000, 0x0000000800000000)
  region size 2048K, 1 young (2048K), 1 survivors (2048K)
 Metaspace       used 81463K, committed 82048K, reserved 1179648K
  class space    used 10886K, committed 11200K, reserved 1048576K
}
Event: 12989.260 GC heap before
{Heap before GC invocations=53 (full 0):
 garbage-first heap   total 96256K, used 42867K [0x0000000702200000, 0x0000000800000000)
  region size 2048K, 6 young (12288K), 1 survivors (2048K)
 Metaspace       used 81463K, committed 82048K, reserved 1179648K
  class space    used 10886K, committed 11200K, reserved 1048576K
}
Event: 12989.268 GC heap after
{Heap after GC invocations=54 (full 0):
 garbage-first heap   total 96256K, used 32627K [0x0000000702200000, 0x0000000800000000)
  region size 2048K, 1 young (2048K), 1 survivors (2048K)
 Metaspace       used 81463K, committed 82048K, reserved 1179648K
  class space    used 10886K, committed 11200K, reserved 1048576K
}
Event: 14404.010 GC heap before
{Heap before GC invocations=54 (full 0):
 garbage-first heap   total 96256K, used 67443K [0x0000000702200000, 0x0000000800000000)
  region size 2048K, 18 young (36864K), 1 survivors (2048K)
 Metaspace       used 81466K, committed 82112K, reserved 1179648K
  class space    used 10886K, committed 11200K, reserved 1048576K
}
Event: 14404.028 GC heap after
{Heap after GC invocations=55 (full 0):
 garbage-first heap   total 96256K, used 32631K [0x0000000702200000, 0x0000000800000000)
  region size 2048K, 1 young (2048K), 1 survivors (2048K)
 Metaspace       used 81466K, committed 82112K, reserved 1179648K
  class space    used 10886K, committed 11200K, reserved 1048576K
}
Event: 16441.047 GC heap before
{Heap before GC invocations=55 (full 0):
 garbage-first heap   total 96256K, used 81783K [0x0000000702200000, 0x0000000800000000)
  region size 2048K, 25 young (51200K), 1 survivors (2048K)
 Metaspace       used 81487K, committed 82176K, reserved 1179648K
  class space    used 10886K, committed 11200K, reserved 1048576K
}
Event: 16441.192 GC heap after
{Heap after GC invocations=56 (full 0):
 garbage-first heap   total 96256K, used 32629K [0x0000000702200000, 0x0000000800000000)
  region size 2048K, 1 young (2048K), 1 survivors (2048K)
 Metaspace       used 81487K, committed 82176K, reserved 1179648K
  class space    used 10886K, committed 11200K, reserved 1048576K
}
Event: 18459.062 GC heap before
{Heap before GC invocations=56 (full 0):
 garbage-first heap   total 96256K, used 81781K [0x0000000702200000, 0x0000000800000000)
  region size 2048K, 25 young (51200K), 1 survivors (2048K)
 Metaspace       used 81507K, committed 82176K, reserved 1179648K
  class space    used 10886K, committed 11200K, reserved 1048576K
}
Event: 18459.078 GC heap after
{Heap after GC invocations=57 (full 0):
 garbage-first heap   total 96256K, used 32625K [0x0000000702200000, 0x0000000800000000)
  region size 2048K, 1 young (2048K), 1 survivors (2048K)
 Metaspace       used 81507K, committed 82176K, reserved 1179648K
  class space    used 10886K, committed 11200K, reserved 1048576K
}

